<?xml version="1.0" encoding="UTF-8"?>
<testng-results skipped="0" failed="1" ignored="0" total="1" passed="0">
  <reporter-output>
  </reporter-output>
  <suite name="Default suite" duration-ms="20306" started-at="2018-05-02T21:37:38Z" finished-at="2018-05-02T21:37:58Z">
    <groups>
      <group name="smokeTest">
        <method signature="Parallel01IT.feature(cucumber.api.testng.CucumberFeatureWrapper)[pri:0, instance:com.webpt.step.definition.bing.Parallel01IT@473b46c3]" name="feature" class="com.webpt.step.definition.bing.Parallel01IT"/>
      </group> <!-- smokeTest -->
    </groups>
    <test name="Default test" duration-ms="20306" started-at="2018-05-02T21:37:38Z" finished-at="2018-05-02T21:37:58Z">
      <class name="com.webpt.step.definition.bing.Parallel01IT">
        <test-method status="PASS" signature="setUpClass()[pri:0, instance:com.webpt.step.definition.bing.Parallel01IT@473b46c3]" name="setUpClass" is-config="true" duration-ms="315" started-at="2018-05-02T21:37:38Z" finished-at="2018-05-02T21:37:38Z">
          <reporter-output>
          </reporter-output>
        </test-method> <!-- setUpClass -->
        <test-method status="FAIL" signature="feature(cucumber.api.testng.CucumberFeatureWrapper)[pri:0, instance:com.webpt.step.definition.bing.Parallel01IT@473b46c3]" name="feature" duration-ms="17664" started-at="2018-05-02T21:37:39Z" description="Runs Cucumber Feature" data-provider="features" finished-at="2018-05-02T21:37:56Z">
          <params>
            <param index="0">
              <value>
                <![CDATA[As a bing user, I want to be able to search for bing map]]>
              </value>
            </param>
          </params>
          <exception class="cucumber.runtime.CucumberException">
            <message>
              <![CDATA[java.lang.AssertionError: failed due to:  no such element: Unable to locate element: {"method":"id","selector":"maps_sb333"}
  (Session info: headless chrome=66.0.3359.139)
  (Driver info: chromedriver=2.37.544337 (8c0344a12e552148c185f7d5117db1f28d6c9e85),platform=Mac OS X 10.12.6 x86_64) (WARNING: The server did not provide any stacktrace information)
Command duration or timeout: 0 milliseconds
For documentation on this error, please visit: http://seleniumhq.org/exceptions/no_such_element.html
Build info: version: '3.11.0', revision: 'e59cfb3', time: '2018-03-11T20:26:55.152Z'
System info: host: 'WPTC02T86HNGTFM', ip: 'fe80:0:0:0:4ce:f1f0:98de:b80b%en0', os.name: 'Mac OS X', os.arch: 'x86_64', os.version: '10.12.6', java.version: '1.8.0_161'
Driver info: org.openqa.selenium.chrome.ChromeDriver
Capabilities {acceptInsecureCerts: false, acceptSslCerts: false, applicationCacheEnabled: false, browserConnectionEnabled: false, browserName: chrome, chrome: {chromedriverVersion: 2.37.544337 (8c0344a12e5521..., userDataDir: /var/folders/vt/_txsgrj51g9...}, cssSelectorsEnabled: true, databaseEnabled: false, handlesAlerts: true, hasTouchScreen: false, javascriptEnabled: true, locationContextEnabled: true, mobileEmulationEnabled: false, nativeEvents: true, networkConnectionEnabled: false, pageLoadStrategy: normal, platform: MAC, platformName: MAC, rotatable: false, setWindowRect: true, takesHeapSnapshot: true, takesScreenshot: true, unexpectedAlertBehaviour: accept, unhandledPromptBehavior: accept, version: 66.0.3359.139, webStorageEnabled: true}
Session ID: d57e356fe784605d43f0790da211c187
*** Element info: {Using=id, value=maps_sb333}]]>
            </message>
            <full-stacktrace>
              <![CDATA[cucumber.runtime.CucumberException: java.lang.AssertionError: failed due to:  no such element: Unable to locate element: {"method":"id","selector":"maps_sb333"}
  (Session info: headless chrome=66.0.3359.139)
  (Driver info: chromedriver=2.37.544337 (8c0344a12e552148c185f7d5117db1f28d6c9e85),platform=Mac OS X 10.12.6 x86_64) (WARNING: The server did not provide any stacktrace information)
Command duration or timeout: 0 milliseconds
For documentation on this error, please visit: http://seleniumhq.org/exceptions/no_such_element.html
Build info: version: '3.11.0', revision: 'e59cfb3', time: '2018-03-11T20:26:55.152Z'
System info: host: 'WPTC02T86HNGTFM', ip: 'fe80:0:0:0:4ce:f1f0:98de:b80b%en0', os.name: 'Mac OS X', os.arch: 'x86_64', os.version: '10.12.6', java.version: '1.8.0_161'
Driver info: org.openqa.selenium.chrome.ChromeDriver
Capabilities {acceptInsecureCerts: false, acceptSslCerts: false, applicationCacheEnabled: false, browserConnectionEnabled: false, browserName: chrome, chrome: {chromedriverVersion: 2.37.544337 (8c0344a12e5521..., userDataDir: /var/folders/vt/_txsgrj51g9...}, cssSelectorsEnabled: true, databaseEnabled: false, handlesAlerts: true, hasTouchScreen: false, javascriptEnabled: true, locationContextEnabled: true, mobileEmulationEnabled: false, nativeEvents: true, networkConnectionEnabled: false, pageLoadStrategy: normal, platform: MAC, platformName: MAC, rotatable: false, setWindowRect: true, takesHeapSnapshot: true, takesScreenshot: true, unexpectedAlertBehaviour: accept, unhandledPromptBehavior: accept, version: 66.0.3359.139, webStorageEnabled: true}
Session ID: d57e356fe784605d43f0790da211c187
*** Element info: {Using=id, value=maps_sb333}
at cucumber.api.testng.TestNGCucumberRunner.runCucumber(TestNGCucumberRunner.java:69)
at com.webpt.step.definition.bing.Parallel01IT.feature(Parallel01IT.java:45)
at sun.reflect.NativeMethodAccessorImpl.invoke0(Native Method)
at sun.reflect.NativeMethodAccessorImpl.invoke(NativeMethodAccessorImpl.java:62)
at sun.reflect.DelegatingMethodAccessorImpl.invoke(DelegatingMethodAccessorImpl.java:43)
at java.lang.reflect.Method.invoke(Method.java:498)
at org.testng.internal.MethodInvocationHelper.invokeMethod(MethodInvocationHelper.java:124)
at org.testng.internal.Invoker.invokeMethod(Invoker.java:580)
at org.testng.internal.Invoker.invokeTestMethod(Invoker.java:716)
at org.testng.internal.Invoker.invokeTestMethods(Invoker.java:988)
at org.testng.internal.TestMethodWorker.invokeTestMethods(TestMethodWorker.java:125)
at org.testng.internal.TestMethodWorker.run(TestMethodWorker.java:109)
at org.testng.TestRunner.privateRun(TestRunner.java:648)
at org.testng.TestRunner.run(TestRunner.java:505)
at org.testng.SuiteRunner.runTest(SuiteRunner.java:455)
at org.testng.SuiteRunner.runSequentially(SuiteRunner.java:450)
at org.testng.SuiteRunner.privateRun(SuiteRunner.java:415)
at org.testng.SuiteRunner.run(SuiteRunner.java:364)
at org.testng.SuiteRunnerWorker.runSuite(SuiteRunnerWorker.java:52)
at org.testng.SuiteRunnerWorker.run(SuiteRunnerWorker.java:84)
at org.testng.TestNG.runSuitesSequentially(TestNG.java:1208)
at org.testng.TestNG.runSuitesLocally(TestNG.java:1137)
at org.testng.TestNG.runSuites(TestNG.java:1049)
at org.testng.TestNG.run(TestNG.java:1017)
at org.testng.remote.AbstractRemoteTestNG.run(AbstractRemoteTestNG.java:114)
at org.testng.remote.RemoteTestNG.initAndRun(RemoteTestNG.java:251)
at org.testng.remote.RemoteTestNG.main(RemoteTestNG.java:77)
Caused by: java.lang.AssertionError: failed due to:  no such element: Unable to locate element: {"method":"id","selector":"maps_sb333"}
  (Session info: headless chrome=66.0.3359.139)
  (Driver info: chromedriver=2.37.544337 (8c0344a12e552148c185f7d5117db1f28d6c9e85),platform=Mac OS X 10.12.6 x86_64) (WARNING: The server did not provide any stacktrace information)
Command duration or timeout: 0 milliseconds
For documentation on this error, please visit: http://seleniumhq.org/exceptions/no_such_element.html
Build info: version: '3.11.0', revision: 'e59cfb3', time: '2018-03-11T20:26:55.152Z'
System info: host: 'WPTC02T86HNGTFM', ip: 'fe80:0:0:0:4ce:f1f0:98de:b80b%en0', os.name: 'Mac OS X', os.arch: 'x86_64', os.version: '10.12.6', java.version: '1.8.0_161'
Driver info: org.openqa.selenium.chrome.ChromeDriver
Capabilities {acceptInsecureCerts: false, acceptSslCerts: false, applicationCacheEnabled: false, browserConnectionEnabled: false, browserName: chrome, chrome: {chromedriverVersion: 2.37.544337 (8c0344a12e5521..., userDataDir: /var/folders/vt/_txsgrj51g9...}, cssSelectorsEnabled: true, databaseEnabled: false, handlesAlerts: true, hasTouchScreen: false, javascriptEnabled: true, locationContextEnabled: true, mobileEmulationEnabled: false, nativeEvents: true, networkConnectionEnabled: false, pageLoadStrategy: normal, platform: MAC, platformName: MAC, rotatable: false, setWindowRect: true, takesHeapSnapshot: true, takesScreenshot: true, unexpectedAlertBehaviour: accept, unhandledPromptBehavior: accept, version: 66.0.3359.139, webStorageEnabled: true}
Session ID: d57e356fe784605d43f0790da211c187
*** Element info: {Using=id, value=maps_sb333}
at org.testng.Assert.fail(Assert.java:96)
at customapplications.pageobject.bing.BingPageComponent.enterMapsSearchText(BingPageComponent.java:94)
at com.webpt.step.definition.google.BingSteps.i_view_the_bing_maps_page(BingSteps.java:30)
at âœ½.Then I view the bing maps page and enter "webpt" in the bing maps search field(/Users/sayed.maudoudi/Desktop/cucumber-base/src/test/resources/features/bing/bing.feature:10)
]]>
            </full-stacktrace>
          </exception> <!-- cucumber.runtime.CucumberException -->
          <reporter-output>
          </reporter-output>
        </test-method> <!-- feature -->
        <test-method status="PASS" signature="deleteFiles()[pri:0, instance:com.webpt.step.definition.bing.Parallel01IT@473b46c3]" name="deleteFiles" is-config="true" duration-ms="0" started-at="2018-05-02T21:37:39Z" finished-at="2018-05-02T21:37:39Z">
          <reporter-output>
          </reporter-output>
        </test-method> <!-- deleteFiles -->
        <test-method status="PASS" signature="screenShot(org.testng.ITestResult)[pri:0, instance:com.webpt.step.definition.bing.Parallel01IT@473b46c3]" name="screenShot" is-config="true" duration-ms="1468" started-at="2018-05-02T21:37:56Z" finished-at="2018-05-02T21:37:58Z">
          <params>
            <param index="0">
              <value>
                <![CDATA[[TestResult name=feature status=FAILURE method=Parallel01IT.feature(cucumber.api.testng.CucumberFeatureWrapper)[pri:0, instance:com.webpt.step.definition.bing.Parallel01IT@473b46c3] output={null}]]]>
              </value>
            </param>
          </params>
          <reporter-output>
          </reporter-output>
        </test-method> <!-- screenShot -->
        <test-method status="PASS" signature="tearDownClass()[pri:0, instance:com.webpt.step.definition.bing.Parallel01IT@473b46c3]" name="tearDownClass" is-config="true" duration-ms="706" started-at="2018-05-02T21:37:58Z" finished-at="2018-05-02T21:37:58Z">
          <reporter-output>
          </reporter-output>
        </test-method> <!-- tearDownClass -->
      </class> <!-- com.webpt.step.definition.bing.Parallel01IT -->
    </test> <!-- Default test -->
  </suite> <!-- Default suite -->
</testng-results>
